<?xml version="1.0" encoding="UTF-8"?>
<!-- Generated by org.testng.reporters.JUnitReportReporter -->
<testsuite hostname="DESKTOP-1MK7DE1" failures="0" tests="1" name="files.SumValidation" time="1.079" errors="0" timestamp="28 Jun 2021 02:07:12 GMT" skipped="0">
  <testcase classname="files.SumValidation" name="sumOfCourses" time="1.079"/>
</testsuite> <!-- files.SumValidation -->
